# JRE version: Java(TM) SE Runtime Environment (17.0.10+11) (build 17.0.10+11-LTS-240)
# Java VM: Java HotSpot(TM) 64-Bit Server VM (17.0.10+11-LTS-240, mixed mode, emulated-client, sharing, tiered, compressed oops, compressed class ptrs, g1 gc, windows-amd64)
GC Precious Log:
 CPUs: 16 total, 16 available
 Memory: 16068M
 Large Page Support: Disabled
 NUMA Support: Disabled
 Compressed Oops: Enabled (Zero based)
 Heap Region Size: 2M
 Heap Min Capacity: 8M
 Heap Initial Capacity: 252M
 Heap Max Capacity: 4018M
 Pre-touch: Disabled
 Parallel Workers: 13
 Concurrent Workers: 3
 Concurrent Refinement Workers: 13
 Periodic GC: Disabled
Heap:
 garbage-first heap   total 75776K, used 39304K [0x0000000704e00000, 0x0000000800000000)
  region size 2048K, 11 young (22528K), 2 survivors (4096K)
 Metaspace       used 56712K, committed 57216K, reserved 1114112K
  class space    used 8109K, committed 8384K, reserved 1048576K
GC Heap History (18 events):
Event: 0.337 GC heap before
{Heap before GC invocations=0 (full 0):
 garbage-first heap   total 258048K, used 20480K [0x0000000704e00000, 0x0000000800000000)
  region size 2048K, 11 young (22528K), 0 survivors (0K)
 Metaspace       used 6445K, committed 6656K, reserved 1114112K
  class space    used 824K, committed 896K, reserved 1048576K
}
Event: 0.340 GC heap after
{Heap after GC invocations=1 (full 0):
 garbage-first heap   total 258048K, used 8174K [0x0000000704e00000, 0x0000000800000000)
  region size 2048K, 2 young (4096K), 2 survivors (4096K)
 Metaspace       used 6445K, committed 6656K, reserved 1114112K
  class space    used 824K, committed 896K, reserved 1048576K
}
Event: 0.526 GC heap before
{Heap before GC invocations=1 (full 0):
 garbage-first heap   total 258048K, used 32750K [0x0000000704e00000, 0x0000000800000000)
  region size 2048K, 14 young (28672K), 2 survivors (4096K)
 Metaspace       used 12021K, committed 12352K, reserved 1114112K
  class space    used 1679K, committed 1856K, reserved 1048576K
}
Event: 0.529 GC heap after
{Heap after GC invocations=2 (full 0):
 garbage-first heap   total 258048K, used 10043K [0x0000000704e00000, 0x0000000800000000)
  region size 2048K, 1 young (2048K), 1 survivors (2048K)
 Metaspace       used 12021K, committed 12352K, reserved 1114112K
  class space    used 1679K, committed 1856K, reserved 1048576K
}
Event: 0.827 GC heap before
{Heap before GC invocations=2 (full 0):
 garbage-first heap   total 258048K, used 67387K [0x0000000704e00000, 0x0000000800000000)
  region size 2048K, 30 young (61440K), 1 survivors (2048K)
 Metaspace       used 21219K, committed 21504K, reserved 1114112K
  class space    used 2891K, committed 3008K, reserved 1048576K
}
Event: 0.830 GC heap after
{Heap after GC invocations=3 (full 0):
 garbage-first heap   total 258048K, used 14187K [0x0000000704e00000, 0x0000000800000000)
  region size 2048K, 3 young (6144K), 3 survivors (6144K)
 Metaspace       used 21219K, committed 21504K, reserved 1114112K
  class space    used 2891K, committed 3008K, reserved 1048576K
}
Event: 1.026 GC heap before
{Heap before GC invocations=4 (full 0):
 garbage-first heap   total 55296K, used 38763K [0x0000000704e00000, 0x0000000800000000)
  region size 2048K, 16 young (32768K), 3 survivors (6144K)
 Metaspace       used 24406K, committed 24768K, reserved 1114112K
  class space    used 3415K, committed 3584K, reserved 1048576K
}
Event: 1.031 GC heap after
{Heap after GC invocations=5 (full 0):
 garbage-first heap   total 55296K, used 16474K [0x0000000704e00000, 0x0000000800000000)
  region size 2048K, 5 young (10240K), 5 survivors (10240K)
 Metaspace       used 24406K, committed 24768K, reserved 1114112K
  class space    used 3415K, committed 3584K, reserved 1048576K
}
Event: 1.207 GC heap before
{Heap before GC invocations=5 (full 0):
 garbage-first heap   total 55296K, used 34906K [0x0000000704e00000, 0x0000000800000000)
  region size 2048K, 14 young (28672K), 5 survivors (10240K)
 Metaspace       used 27247K, committed 27648K, reserved 1114112K
  class space    used 3798K, committed 3968K, reserved 1048576K
}
Event: 1.212 GC heap after
{Heap after GC invocations=6 (full 0):
 garbage-first heap   total 55296K, used 17972K [0x0000000704e00000, 0x0000000800000000)
  region size 2048K, 1 young (2048K), 1 survivors (2048K)
 Metaspace       used 27247K, committed 27648K, reserved 1114112K
  class space    used 3798K, committed 3968K, reserved 1048576K
}
Event: 1.401 GC heap before
{Heap before GC invocations=6 (full 0):
 garbage-first heap   total 55296K, used 36404K [0x0000000704e00000, 0x0000000800000000)
  region size 2048K, 10 young (20480K), 1 survivors (2048K)
 Metaspace       used 31432K, committed 31808K, reserved 1114112K
  class space    used 4305K, committed 4480K, reserved 1048576K
}
Event: 1.402 GC heap after
{Heap after GC invocations=7 (full 0):
 garbage-first heap   total 157696K, used 19160K [0x0000000704e00000, 0x0000000800000000)
  region size 2048K, 2 young (4096K), 2 survivors (4096K)
 Metaspace       used 31432K, committed 31808K, reserved 1114112K
  class space    used 4305K, committed 4480K, reserved 1048576K
}
Event: 1.619 GC heap before
{Heap before GC invocations=7 (full 0):
 garbage-first heap   total 157696K, used 33496K [0x0000000704e00000, 0x0000000800000000)
  region size 2048K, 10 young (20480K), 2 survivors (4096K)
 Metaspace       used 35605K, committed 35968K, reserved 1114112K
  class space    used 4874K, committed 5056K, reserved 1048576K
}
Event: 1.621 GC heap after
{Heap after GC invocations=8 (full 0):
 garbage-first heap   total 157696K, used 19862K [0x0000000704e00000, 0x0000000800000000)
  region size 2048K, 2 young (4096K), 2 survivors (4096K)
 Metaspace       used 35605K, committed 35968K, reserved 1114112K
  class space    used 4874K, committed 5056K, reserved 1048576K
}
Event: 2.072 GC heap before
{Heap before GC invocations=9 (full 0):
 garbage-first heap   total 75776K, used 60822K [0x0000000704e00000, 0x0000000800000000)
  region size 2048K, 22 young (45056K), 2 survivors (4096K)
 Metaspace       used 44247K, committed 44736K, reserved 1114112K
  class space    used 6199K, committed 6464K, reserved 1048576K
}
Event: 2.074 GC heap after
{Heap after GC invocations=10 (full 0):
 garbage-first heap   total 75776K, used 21618K [0x0000000704e00000, 0x0000000800000000)
  region size 2048K, 2 young (4096K), 2 survivors (4096K)
 Metaspace       used 44247K, committed 44736K, reserved 1114112K
  class space    used 6199K, committed 6464K, reserved 1048576K
}
Event: 2.499 GC heap before
{Heap before GC invocations=10 (full 0):
 garbage-first heap   total 75776K, used 54386K [0x0000000704e00000, 0x0000000800000000)
  region size 2048K, 19 young (38912K), 2 survivors (4096K)
 Metaspace       used 53287K, committed 53824K, reserved 1114112K
  class space    used 7683K, committed 7936K, reserved 1048576K
}
Event: 2.502 GC heap after
{Heap after GC invocations=11 (full 0):
 garbage-first heap   total 75776K, used 22920K [0x0000000704e00000, 0x0000000800000000)
  region size 2048K, 2 young (4096K), 2 survivors (4096K)
 Metaspace       used 53287K, committed 53824K, reserved 1114112K
  class space    used 7683K, committed 7936K, reserved 1048576K
}

